<?xml version="1.0" encoding="UTF-8"?>
<!-- Generated by org.testng.reporters.JUnitXMLReporter -->
<testsuite ignored="0" hostname="LAPTOP-1SE3GBU9" failures="1" tests="1" name="Tokenizer" time="11.786" errors="0" timestamp="2025-01-23T11:34:11 IST">
  <testcase classname="io.cucumber.testng.AbstractTestNGCucumberTests" name="runScenario" time="9.413">
    <failure type="java.lang.NullPointerException" message="Cannot invoke &amp;quot;com.LAMBDATEST_Playground.POM.DashboardPage.getRegisterAccountPage()&amp;quot; because &amp;quot;this.dashboardPage&amp;quot; is null">
      <![CDATA[java.lang.NullPointerException: Cannot invoke "com.LAMBDATEST_Playground.POM.DashboardPage.getRegisterAccountPage()" because "this.dashboardPage" is null
at com.LAMBDATEST_Playground.stepDefinations.LoginSteps.user_clicks_on_the_button(LoginSteps.java:41)
at ✽.user clicks on the "Login" button(file:///C:/Users/pnilava03/OneDrive/Desktop/Selenium/Project/Projects/LAMBDATESTPlayGround/resourcesLibs/features/LTPlayground_login.feature:9)
]]>
    </failure>
  </testcase> <!-- runScenario -->
</testsuite> <!-- Tokenizer -->
