<?xml version="1.0" encoding="UTF-8"?>
<testng-results ignored="0" total="2" passed="1" failed="1" skipped="0">
  <reporter-output>
  </reporter-output>
  <suite started-at="2025-02-17T09:47:07 IST" name="Tokenizer" finished-at="2025-02-17T09:47:41 IST" duration-ms="33579">
    <groups>
      <group name="cucumber">
        <method signature="AbstractTestNGCucumberTests.runScenario(io.cucumber.testng.PickleWrapper,io.cucumber.testng.FeatureWrapper)[pri:0, instance:com.LAMBDATEST_Playground.Runner.Runner@397fbdb]" name="runScenario" class="io.cucumber.testng.AbstractTestNGCucumberTests"/>
      </group> <!-- cucumber -->
    </groups>
    <test started-at="2025-02-17T09:47:07 IST" name="Tokenizer" finished-at="2025-02-17T09:47:41 IST" duration-ms="33579">
      <class name="com.LAMBDATEST_Playground.Runner.Runner">
        <test-method is-config="true" signature="setUpClass(org.testng.ITestContext)[pri:0, instance:com.LAMBDATEST_Playground.Runner.Runner@397fbdb]" started-at="2025-02-17T09:47:07 IST" name="setUpClass" finished-at="2025-02-17T09:47:08 IST" duration-ms="514" status="PASS">
          <params>
            <param index="0">
              <value>
                <![CDATA[org.testng.TestRunner@6b0f266e]]>
              </value>
            </param>
          </params>
          <reporter-output>
          </reporter-output>
        </test-method> <!-- setUpClass -->
        <test-method signature="runScenario(io.cucumber.testng.PickleWrapper,io.cucumber.testng.FeatureWrapper)[pri:0, instance:com.LAMBDATEST_Playground.Runner.Runner@397fbdb]" started-at="2025-02-17T09:47:08 IST" name="runScenario" description="Runs Cucumber Scenarios" data-provider="scenarios" finished-at="2025-02-17T09:47:21 IST" duration-ms="13130" status="PASS">
          <params>
            <param index="0">
              <value>
                <![CDATA["2. Login to the Lambda Test playgorund application and verify  mouse hover menu content from menu bar"]]>
              </value>
            </param>
            <param index="1">
              <value>
                <![CDATA["Login in to the application and verify mouse hover menu content"]]>
              </value>
            </param>
          </params>
          <reporter-output>
          </reporter-output>
        </test-method> <!-- runScenario -->
        <test-method signature="runScenario(io.cucumber.testng.PickleWrapper,io.cucumber.testng.FeatureWrapper)[pri:0, instance:com.LAMBDATEST_Playground.Runner.Runner@397fbdb]" started-at="2025-02-17T09:47:21 IST" name="runScenario" description="Runs Cucumber Scenarios" data-provider="scenarios" finished-at="2025-02-17T09:47:39 IST" duration-ms="17536" status="FAIL">
          <params>
            <param index="0">
              <value>
                <![CDATA["2. Login to the Lambda Test playgorund application and verify  mouse hover menu content from menu bar based on given menuItem from examples"]]>
              </value>
            </param>
            <param index="1">
              <value>
                <![CDATA["Login in to the application and verify mouse hover menu content"]]>
              </value>
            </param>
          </params>
          <exception class="com.LAMBDATEST_Playground.Exceptions.MissingStrategyTpeExceptipon">
            <message>
              <![CDATA[=========== My account1:: is missing, please specify correct strategyTpe. ===========]]>
            </message>
            <full-stacktrace>
              <![CDATA[com.LAMBDATEST_Playground.Exceptions.MissingStrategyTpeExceptipon: =========== My account1:: is missing, please specify correct strategyTpe. ===========
at com.LAMBDATEST_Playground.POM.AccountPage.setStrategy(AccountPage.java:107)
at com.LAMBDATEST_Playground.POM.AccountPage.hoverTheMouse(AccountPage.java:121)
at com.LAMBDATEST_Playground.stepDefinations.VerifyMouseHoverMenuContent.verify_mouse_hover_menu_content_from_menu_bar_and(VerifyMouseHoverMenuContent.java:85)
at ✽.verify mouse hover menu content from menu bar "Mega Menu", "AddOns" and "My account1"(file:///C:/Users/pnilava03/OneDrive/Desktop/SeleniumProjects/Project/Projects/LAMBDATESTPlayGround/resourcesLibs/features/verifyMouseHoveMenu.feature:15)
]]>
            </full-stacktrace>
          </exception> <!-- com.LAMBDATEST_Playground.Exceptions.MissingStrategyTpeExceptipon -->
          <reporter-output>
          </reporter-output>
        </test-method> <!-- runScenario -->
        <test-method is-config="true" signature="tearDownClass()[pri:0, instance:com.LAMBDATEST_Playground.Runner.Runner@397fbdb]" started-at="2025-02-17T09:47:39 IST" name="tearDownClass" finished-at="2025-02-17T09:47:41 IST" duration-ms="1664" status="PASS">
          <reporter-output>
          </reporter-output>
        </test-method> <!-- tearDownClass -->
      </class> <!-- com.LAMBDATEST_Playground.Runner.Runner -->
    </test> <!-- Tokenizer -->
  </suite> <!-- Tokenizer -->
</testng-results>
