<?xml version="1.0" encoding="UTF-8"?>
<!-- Generated by org.testng.reporters.JUnitReportReporter -->
<testsuite hostname="LAPTOP-1SE3GBU9" failures="0" tests="2" name="com.LAMBDATEST_Playground.Runner.Runner" time="30.666" errors="1" timestamp="2025-02-17T09:47:41 IST" skipped="0">
  <testcase classname="com.LAMBDATEST_Playground.Runner.Runner" name="runScenario" time="13.130"/>
  <system-out/>
  <testcase classname="com.LAMBDATEST_Playground.Runner.Runner" name="runScenario" time="17.536">
    <error message="=========== My account1:: is missing, please specify correct strategyTpe. ===========" type="com.LAMBDATEST_Playground.Exceptions.MissingStrategyTpeExceptipon">
      <![CDATA[com.LAMBDATEST_Playground.Exceptions.MissingStrategyTpeExceptipon: =========== My account1:: is missing, please specify correct strategyTpe. ===========
at com.LAMBDATEST_Playground.POM.AccountPage.setStrategy(AccountPage.java:107)
at com.LAMBDATEST_Playground.POM.AccountPage.hoverTheMouse(AccountPage.java:121)
at com.LAMBDATEST_Playground.stepDefinations.VerifyMouseHoverMenuContent.verify_mouse_hover_menu_content_from_menu_bar_and(VerifyMouseHoverMenuContent.java:85)
at ✽.verify mouse hover menu content from menu bar "Mega Menu", "AddOns" and "My account1"(file:///C:/Users/pnilava03/OneDrive/Desktop/SeleniumProjects/Project/Projects/LAMBDATESTPlayGround/resourcesLibs/features/verifyMouseHoveMenu.feature:15)
]]>
    </error>
  </testcase> <!-- runScenario -->
  <system-out/>
</testsuite> <!-- com.LAMBDATEST_Playground.Runner.Runner -->
